2018-03-22 21:56:58,834 [Worker-0] INFO  c.g.t.t.d.PublishedGradleVersions - Gradle version information cache is out-of-date. Trying to update.
2018-03-25 12:59:48,213 [Worker-4] INFO  c.g.t.t.d.PublishedGradleVersions - Gradle version information cache is out-of-date. Trying to update.
2018-03-25 14:22:54,713 [main] INFO  org.eclipse.jetty.util.log - Logging initialized @5127741ms to org.eclipse.jetty.util.log.Slf4jLog
2018-03-25 14:22:55,261 [main] INFO  org.eclipse.jetty.server.Server - jetty-9.4.5.v20170502
2018-03-25 14:22:55,313 [main] INFO  org.eclipse.jetty.server.session - DefaultSessionIdManager workerName=node0
2018-03-25 14:22:55,313 [main] INFO  org.eclipse.jetty.server.session - No SessionScavenger set, using defaults
2018-03-25 14:22:55,317 [main] INFO  org.eclipse.jetty.server.session - Scavenging every 600000ms
2018-03-25 14:22:55,460 [main] INFO  o.e.j.server.handler.ContextHandler - Started o.e.j.s.ServletContextHandler@54ba4478{/wse,null,AVAILABLE}
2018-03-25 14:22:55,628 [main] INFO  o.e.jetty.server.AbstractConnector - Started ServerConnector@4bcf8d17{HTTP/1.1,[http/1.1]}{0.0.0.0:52532}
2018-03-25 14:22:55,632 [main] INFO  org.eclipse.jetty.server.Server - Started @5128661ms
2018-03-25 14:24:41,008 [Worker-18] INFO  o.e.m.c.i.l.LifecycleMappingFactory - Using org.eclipse.m2e.jdt.JarLifecycleMapping lifecycle mapping for MavenProject: com.codebind:Maven-demo:0.0.1-SNAPSHOT @ E:\Eclipse_program\hibernate\Maven-demo\pom.xml.
2018-03-25 14:24:45,447 [Worker-18] INFO  o.e.m.j.i.AbstractJavaProjectConfigurator - Adding source folder /Maven-demo/src/main/java
2018-03-25 14:24:45,447 [Worker-18] INFO  o.e.m.j.i.AbstractJavaProjectConfigurator - Adding resource folder /Maven-demo/src/main/resources
2018-03-25 14:24:45,447 [Worker-18] INFO  o.e.m.j.i.AbstractJavaProjectConfigurator - Adding source folder /Maven-demo/src/test/java
2018-03-25 14:24:45,447 [Worker-18] INFO  o.e.m.j.i.AbstractJavaProjectConfigurator - Adding resource folder /Maven-demo/src/test/resources
2018-03-25 14:24:47,991 [Worker-18] WARN  o.e.m.c.i.embedder.EclipseLogger - Using platform encoding (Cp1252 actually) to copy filtered resources, i.e. build is platform dependent!
2018-03-25 14:24:48,106 [Worker-18] INFO  o.e.m.c.i.embedder.EclipseLogger - Copying 0 resource
2018-03-25 14:24:48,110 [Worker-18] WARN  o.e.m.c.i.embedder.EclipseLogger - Using platform encoding (Cp1252 actually) to copy filtered resources, i.e. build is platform dependent!
2018-03-25 14:24:48,118 [Worker-18] INFO  o.e.m.c.i.embedder.EclipseLogger - Copying 0 resource
2018-03-25 14:27:39,029 [Worker-24] WARN  o.e.m.c.i.embedder.EclipseLogger - Using platform encoding (Cp1252 actually) to copy filtered resources, i.e. build is platform dependent!
2018-03-25 14:27:39,200 [Worker-24] INFO  o.e.m.c.i.embedder.EclipseLogger - Copying 0 resource
2018-03-25 14:27:39,203 [Worker-24] WARN  o.e.m.c.i.embedder.EclipseLogger - Using platform encoding (Cp1252 actually) to copy filtered resources, i.e. build is platform dependent!
2018-03-25 14:27:39,217 [Worker-24] INFO  o.e.m.c.i.embedder.EclipseLogger - Copying 0 resource
2018-03-25 14:27:40,248 [Worker-23] WARN  o.e.m.c.i.embedder.EclipseLogger - Using platform encoding (Cp1252 actually) to copy filtered resources, i.e. build is platform dependent!
2018-03-25 14:27:40,256 [Worker-23] INFO  o.e.m.c.i.embedder.EclipseLogger - Copying 0 resource
2018-03-25 14:27:40,260 [Worker-23] WARN  o.e.m.c.i.embedder.EclipseLogger - Using platform encoding (Cp1252 actually) to copy filtered resources, i.e. build is platform dependent!
2018-03-25 14:27:40,272 [Worker-23] INFO  o.e.m.c.i.embedder.EclipseLogger - Copying 0 resource
2018-03-25 14:28:21,723 [Worker-24] WARN  o.e.m.c.i.embedder.EclipseLogger - Using platform encoding (Cp1252 actually) to copy filtered resources, i.e. build is platform dependent!
2018-03-25 14:28:21,739 [Worker-24] INFO  o.e.m.c.i.embedder.EclipseLogger - Copying 0 resource
2018-03-25 14:28:21,739 [Worker-24] WARN  o.e.m.c.i.embedder.EclipseLogger - Using platform encoding (Cp1252 actually) to copy filtered resources, i.e. build is platform dependent!
2018-03-25 14:28:21,755 [Worker-24] INFO  o.e.m.c.i.embedder.EclipseLogger - Copying 0 resource
2018-03-25 14:29:22,532 [Worker-23] WARN  o.e.m.c.i.embedder.EclipseLogger - Using platform encoding (Cp1252 actually) to copy filtered resources, i.e. build is platform dependent!
2018-03-25 14:29:22,540 [Worker-23] INFO  o.e.m.c.i.embedder.EclipseLogger - Copying 0 resource
2018-03-25 14:29:22,544 [Worker-23] WARN  o.e.m.c.i.embedder.EclipseLogger - Using platform encoding (Cp1252 actually) to copy filtered resources, i.e. build is platform dependent!
2018-03-25 14:29:22,552 [Worker-23] INFO  o.e.m.c.i.embedder.EclipseLogger - Copying 0 resource
2018-03-25 14:30:28,765 [Worker-25] INFO  o.e.m.c.i.l.LifecycleMappingFactory - Using org.eclipse.m2e.jdt.JarLifecycleMapping lifecycle mapping for MavenProject: com.codebind:Maven-demo:0.0.1-SNAPSHOT @ E:\Eclipse_program\hibernate\Maven-demo\pom.xml.
2018-03-25 14:30:30,203 [Worker-25] WARN  o.e.m.c.i.embedder.EclipseLogger - Using platform encoding (Cp1252 actually) to copy filtered resources, i.e. build is platform dependent!
2018-03-25 14:30:30,211 [Worker-25] INFO  o.e.m.c.i.embedder.EclipseLogger - Copying 0 resource
2018-03-25 14:30:30,211 [Worker-25] WARN  o.e.m.c.i.embedder.EclipseLogger - Using platform encoding (Cp1252 actually) to copy filtered resources, i.e. build is platform dependent!
2018-03-25 14:30:30,219 [Worker-25] INFO  o.e.m.c.i.embedder.EclipseLogger - Copying 0 resource
2018-03-25 14:30:32,694 [Worker-25] INFO  o.e.m.c.i.l.LifecycleMappingFactory - Using org.eclipse.m2e.jdt.JarLifecycleMapping lifecycle mapping for MavenProject: com.codebind:Maven-demo:0.0.1-SNAPSHOT @ E:\Eclipse_program\hibernate\Maven-demo\pom.xml.
2018-03-25 14:30:33,222 [Worker-25] WARN  o.e.m.c.i.embedder.EclipseLogger - Using platform encoding (Cp1252 actually) to copy filtered resources, i.e. build is platform dependent!
2018-03-25 14:30:33,234 [Worker-25] INFO  o.e.m.c.i.embedder.EclipseLogger - Copying 0 resource
2018-03-25 14:30:33,238 [Worker-25] WARN  o.e.m.c.i.embedder.EclipseLogger - Using platform encoding (Cp1252 actually) to copy filtered resources, i.e. build is platform dependent!
2018-03-25 14:30:33,250 [Worker-25] INFO  o.e.m.c.i.embedder.EclipseLogger - Copying 0 resource
2018-03-25 14:33:44,293 [Worker-27] WARN  o.e.m.c.i.embedder.EclipseLogger - Using platform encoding (Cp1252 actually) to copy filtered resources, i.e. build is platform dependent!
2018-03-25 14:33:44,305 [Worker-27] INFO  o.e.m.c.i.embedder.EclipseLogger - Copying 0 resource
2018-03-25 14:33:44,307 [Worker-27] WARN  o.e.m.c.i.embedder.EclipseLogger - Using platform encoding (Cp1252 actually) to copy filtered resources, i.e. build is platform dependent!
2018-03-25 14:33:44,314 [Worker-27] INFO  o.e.m.c.i.embedder.EclipseLogger - Copying 0 resource
2018-03-25 14:39:37,404 [main] INFO  o.e.m2e.actions.ExecutePomAction - Creating new launch configuration
2018-03-25 14:41:23,806 [main] INFO  o.e.m2e.actions.ExecutePomAction - Using existing launch configuration
2018-03-25 14:41:27,570 [Worker-27] INFO  o.e.m.i.launch.MavenLaunchDelegate - E:\Eclipse_program\hibernate\Maven-demo
2018-03-25 14:41:27,574 [Worker-27] INFO  o.e.m.i.launch.MavenLaunchDelegate -  mvn -B clean
2018-03-25 14:42:29,651 [main] INFO  o.e.m2e.actions.ExecutePomAction - Creating new launch configuration
2018-03-25 14:42:35,511 [Worker-32] INFO  o.e.m.i.launch.MavenLaunchDelegate - E:\Eclipse_program\hibernate\Maven-demo
2018-03-25 14:42:35,511 [Worker-32] INFO  o.e.m.i.launch.MavenLaunchDelegate -  mvn -B compile
2018-03-25 14:46:57,887 [Worker-32] WARN  o.e.m.c.i.embedder.EclipseLogger - Using platform encoding (Cp1252 actually) to copy filtered resources, i.e. build is platform dependent!
2018-03-25 14:46:57,934 [Worker-32] INFO  o.e.m.c.i.embedder.EclipseLogger - Copying 0 resource
2018-03-25 14:46:57,934 [Worker-32] WARN  o.e.m.c.i.embedder.EclipseLogger - Using platform encoding (Cp1252 actually) to copy filtered resources, i.e. build is platform dependent!
2018-03-25 14:46:57,934 [Worker-32] INFO  o.e.m.c.i.embedder.EclipseLogger - Copying 0 resource
2018-03-25 14:47:31,468 [main] INFO  o.e.m2e.actions.ExecutePomAction - Creating new launch configuration
2018-03-25 14:47:36,763 [Worker-32] INFO  o.e.m.i.launch.MavenLaunchDelegate - E:\Eclipse_program\hibernate\Maven-demo
2018-03-25 14:47:36,763 [Worker-32] INFO  o.e.m.i.launch.MavenLaunchDelegate -  mvn -B compile
2018-03-25 14:49:07,308 [Worker-33] WARN  o.e.m.c.i.embedder.EclipseLogger - Using platform encoding (Cp1252 actually) to copy filtered resources, i.e. build is platform dependent!
2018-03-25 14:49:07,339 [Worker-33] INFO  o.e.m.c.i.embedder.EclipseLogger - Copying 0 resource
2018-03-25 14:49:07,355 [Worker-33] WARN  o.e.m.c.i.embedder.EclipseLogger - Using platform encoding (Cp1252 actually) to copy filtered resources, i.e. build is platform dependent!
2018-03-25 14:49:07,355 [Worker-33] INFO  o.e.m.c.i.embedder.EclipseLogger - Copying 0 resource
2018-03-25 14:49:20,418 [Worker-34] INFO  o.e.m.i.launch.MavenLaunchDelegate - E:\Eclipse_program\hibernate\Maven-demo
2018-03-25 14:49:20,418 [Worker-34] INFO  o.e.m.i.launch.MavenLaunchDelegate -  mvn -B clean
2018-03-25 14:49:31,308 [main] INFO  o.e.m2e.actions.ExecutePomAction - Creating new launch configuration
2018-03-25 14:49:36,266 [Worker-34] INFO  o.e.m.i.launch.MavenLaunchDelegate - E:\Eclipse_program\hibernate\Maven-demo
2018-03-25 14:49:36,266 [Worker-34] INFO  o.e.m.i.launch.MavenLaunchDelegate -  mvn -B compile
2018-03-25 14:50:03,937 [main] INFO  o.e.m2e.actions.ExecutePomAction - Creating new launch configuration
2018-03-25 14:50:10,436 [Worker-36] INFO  o.e.m.i.launch.MavenLaunchDelegate - E:\Eclipse_program\hibernate\Maven-demo
2018-03-25 14:50:10,436 [Worker-36] INFO  o.e.m.i.launch.MavenLaunchDelegate -  mvn -B test-compile
2018-03-25 14:50:32,096 [main] INFO  o.e.m2e.actions.ExecutePomAction - Creating new launch configuration
2018-03-25 14:50:36,701 [Worker-36] INFO  o.e.m.i.launch.MavenLaunchDelegate - E:\Eclipse_program\hibernate\Maven-demo
2018-03-25 14:50:36,701 [Worker-36] INFO  o.e.m.i.launch.MavenLaunchDelegate -  mvn -B test
2018-03-25 14:54:34,019 [main] INFO  o.e.m2e.actions.ExecutePomAction - Creating new launch configuration
2018-03-25 14:54:39,297 [Worker-34] INFO  o.e.m.i.launch.MavenLaunchDelegate - E:\Eclipse_program\hibernate\Maven-demo
2018-03-25 14:54:39,297 [Worker-34] INFO  o.e.m.i.launch.MavenLaunchDelegate -  mvn -B install
2018-03-25 15:50:00,476 [Worker-51] INFO  o.e.m.c.i.l.LifecycleMappingFactory - Using org.eclipse.m2e.jdt.JarLifecycleMapping lifecycle mapping for MavenProject: com.codebind:Maven-demo:0.0.1-SNAPSHOT @ E:\Eclipse_program\hibernate\Maven-demo\pom.xml.
2018-03-25 15:50:01,692 [Worker-51] WARN  o.e.m.c.i.embedder.EclipseLogger - Using platform encoding (Cp1252 actually) to copy filtered resources, i.e. build is platform dependent!
2018-03-25 15:50:01,811 [Worker-51] INFO  o.e.m.c.i.embedder.EclipseLogger - Copying 0 resource
2018-03-25 15:50:01,835 [Worker-51] WARN  o.e.m.c.i.embedder.EclipseLogger - Using platform encoding (Cp1252 actually) to copy filtered resources, i.e. build is platform dependent!
2018-03-25 15:50:01,841 [Worker-51] INFO  o.e.m.c.i.embedder.EclipseLogger - Copying 0 resource
2018-03-25 15:50:29,651 [Worker-50] INFO  o.e.m.c.i.l.LifecycleMappingFactory - Using org.eclipse.m2e.jdt.JarLifecycleMapping lifecycle mapping for MavenProject: com.codebind:Maven-demo:0.0.1-SNAPSHOT @ E:\Eclipse_program\hibernate\Maven-demo\pom.xml.
2018-03-25 15:50:31,842 [Worker-50] WARN  o.e.m.c.i.embedder.EclipseLogger - Using platform encoding (Cp1252 actually) to copy filtered resources, i.e. build is platform dependent!
2018-03-25 15:50:31,859 [Worker-50] INFO  o.e.m.c.i.embedder.EclipseLogger - Copying 0 resource
2018-03-25 15:50:31,862 [Worker-50] WARN  o.e.m.c.i.embedder.EclipseLogger - Using platform encoding (Cp1252 actually) to copy filtered resources, i.e. build is platform dependent!
2018-03-25 15:50:31,869 [Worker-50] INFO  o.e.m.c.i.embedder.EclipseLogger - Copying 0 resource
2018-03-25 16:08:49,942 [Worker-58] INFO  o.e.m.c.i.l.LifecycleMappingFactory - Using org.eclipse.m2e.jdt.JarLifecycleMapping lifecycle mapping for MavenProject: com.codebind:Maven-demo:0.0.1-SNAPSHOT @ E:\Eclipse_program\hibernate\Maven-demo\pom.xml.
2018-03-25 16:08:52,454 [Worker-58] INFO  o.e.m.c.i.e.AbstractTransferListenerAdapter - Downloading https://repo.maven.apache.org/maven2/org/hibernate/hibernate-core/5.3.0.CR1/hibernate-core-5.3.0.CR1.pom
2018-03-25 16:08:52,888 [Worker-58] INFO  o.e.m.c.i.e.AbstractTransferListenerAdapter - Downloaded https://repo.maven.apache.org/maven2/org/hibernate/hibernate-core/5.3.0.CR1/hibernate-core-5.3.0.CR1.pom
2018-03-25 16:08:53,220 [Worker-58] INFO  o.e.m.c.i.e.AbstractTransferListenerAdapter - Downloading https://repo.maven.apache.org/maven2/org/jboss/logging/jboss-logging/3.3.1.Final/jboss-logging-3.3.1.Final.pom
2018-03-25 16:08:53,625 [Worker-58] INFO  o.e.m.c.i.e.AbstractTransferListenerAdapter - Downloaded https://repo.maven.apache.org/maven2/org/jboss/logging/jboss-logging/3.3.1.Final/jboss-logging-3.3.1.Final.pom
2018-03-25 16:08:54,298 [Worker-58] INFO  o.e.m.c.i.e.AbstractTransferListenerAdapter - Downloading https://repo.maven.apache.org/maven2/javax/persistence/javax.persistence-api/2.2/javax.persistence-api-2.2.pom
2018-03-25 16:08:54,712 [Worker-58] INFO  o.e.m.c.i.e.AbstractTransferListenerAdapter - Downloaded https://repo.maven.apache.org/maven2/javax/persistence/javax.persistence-api/2.2/javax.persistence-api-2.2.pom
2018-03-25 16:08:55,030 [Worker-58] INFO  o.e.m.c.i.e.AbstractTransferListenerAdapter - Downloading https://repo.maven.apache.org/maven2/net/java/jvnet-parent/5/jvnet-parent-5.pom
2018-03-25 16:08:55,585 [Worker-58] INFO  o.e.m.c.i.e.AbstractTransferListenerAdapter - Downloaded https://repo.maven.apache.org/maven2/net/java/jvnet-parent/5/jvnet-parent-5.pom
2018-03-25 16:08:55,926 [Worker-58] INFO  o.e.m.c.i.e.AbstractTransferListenerAdapter - Downloading https://repo.maven.apache.org/maven2/org/javassist/javassist/3.22.0-GA/javassist-3.22.0-GA.pom
2018-03-25 16:08:57,596 [Worker-58] INFO  o.e.m.c.i.e.AbstractTransferListenerAdapter - Downloaded https://repo.maven.apache.org/maven2/org/javassist/javassist/3.22.0-GA/javassist-3.22.0-GA.pom
2018-03-25 16:08:58,509 [Worker-58] INFO  o.e.m.c.i.e.AbstractTransferListenerAdapter - Downloading https://repo.maven.apache.org/maven2/org/hibernate/common/hibernate-commons-annotations/5.0.2.Final/hibernate-commons-annotations-5.0.2.Final.pom
2018-03-25 16:08:58,828 [Worker-58] INFO  o.e.m.c.i.e.AbstractTransferListenerAdapter - Downloaded https://repo.maven.apache.org/maven2/org/hibernate/common/hibernate-commons-annotations/5.0.2.Final/hibernate-commons-annotations-5.0.2.Final.pom
2018-03-25 16:08:59,586 [Worker-58] INFO  o.e.m.c.i.e.AbstractTransferListenerAdapter - Downloading https://repo.maven.apache.org/maven2/org/hibernate/hibernate-core/5.3.0.CR1/hibernate-core-5.3.0.CR1.jar
2018-03-25 21:28:14,660 [Worker-8] INFO  c.g.t.t.d.PublishedGradleVersions - Gradle version information cache is up-to-date. Trying to read.
2018-03-25 21:28:26,247 [Worker-0] INFO  o.e.m.c.i.e.AbstractTransferListenerAdapter - Downloading https://repo.maven.apache.org/maven2/org/hibernate/hibernate-core/5.3.0.CR1/hibernate-core-5.3.0.CR1.jar
2018-03-25 21:28:26,272 [Worker-1] INFO  o.e.m.c.i.e.AbstractTransferListenerAdapter - Downloading https://repo.maven.apache.org/maven2/org/hibernate/hibernate-core/5.3.0.CR1/hibernate-core-5.3.0.CR1.jar
2018-03-25 21:28:31,218 [Worker-0] INFO  o.e.m.c.i.e.AbstractTransferListenerAdapter - Downloaded https://repo.maven.apache.org/maven2/org/hibernate/hibernate-core/5.3.0.CR1/hibernate-core-5.3.0.CR1.jar
2018-03-25 21:28:31,497 [Worker-0] INFO  o.e.m.c.i.e.AbstractTransferListenerAdapter - Downloading https://repo.maven.apache.org/maven2/org/jboss/logging/jboss-logging/3.3.1.Final/jboss-logging-3.3.1.Final.jar
2018-03-25 21:28:32,154 [Worker-0] INFO  o.e.m.c.i.e.AbstractTransferListenerAdapter - Downloaded https://repo.maven.apache.org/maven2/org/jboss/logging/jboss-logging/3.3.1.Final/jboss-logging-3.3.1.Final.jar
2018-03-25 21:28:32,442 [Worker-0] INFO  o.e.m.c.i.e.AbstractTransferListenerAdapter - Downloading https://repo.maven.apache.org/maven2/javax/persistence/javax.persistence-api/2.2/javax.persistence-api-2.2.jar
2018-03-25 21:28:33,056 [Worker-0] INFO  o.e.m.c.i.e.AbstractTransferListenerAdapter - Downloaded https://repo.maven.apache.org/maven2/javax/persistence/javax.persistence-api/2.2/javax.persistence-api-2.2.jar
2018-03-25 21:28:33,337 [Worker-0] INFO  o.e.m.c.i.e.AbstractTransferListenerAdapter - Downloading https://repo.maven.apache.org/maven2/org/javassist/javassist/3.22.0-GA/javassist-3.22.0-GA.jar
2018-03-25 21:28:34,507 [Worker-1] INFO  o.e.m.c.i.e.AbstractTransferListenerAdapter - Downloaded https://repo.maven.apache.org/maven2/org/hibernate/hibernate-core/5.3.0.CR1/hibernate-core-5.3.0.CR1.jar
2018-03-25 21:28:34,646 [Worker-0] INFO  o.e.m.c.i.e.AbstractTransferListenerAdapter - Downloaded https://repo.maven.apache.org/maven2/org/javassist/javassist/3.22.0-GA/javassist-3.22.0-GA.jar
2018-03-25 21:28:34,801 [Worker-1] INFO  o.e.m.c.i.e.AbstractTransferListenerAdapter - Downloading https://repo.maven.apache.org/maven2/org/jboss/logging/jboss-logging/3.3.1.Final/jboss-logging-3.3.1.Final.jar
2018-03-25 21:28:34,927 [Worker-0] INFO  o.e.m.c.i.e.AbstractTransferListenerAdapter - Downloading https://repo.maven.apache.org/maven2/org/hibernate/common/hibernate-commons-annotations/5.0.2.Final/hibernate-commons-annotations-5.0.2.Final.jar
2018-03-25 21:28:35,297 [Worker-1] INFO  o.e.m.c.i.e.AbstractTransferListenerAdapter - Downloaded https://repo.maven.apache.org/maven2/org/jboss/logging/jboss-logging/3.3.1.Final/jboss-logging-3.3.1.Final.jar
2018-03-25 21:28:35,378 [Worker-0] INFO  o.e.m.c.i.e.AbstractTransferListenerAdapter - Downloaded https://repo.maven.apache.org/maven2/org/hibernate/common/hibernate-commons-annotations/5.0.2.Final/hibernate-commons-annotations-5.0.2.Final.jar
2018-03-25 21:28:35,593 [Worker-1] INFO  o.e.m.c.i.e.AbstractTransferListenerAdapter - Downloading https://repo.maven.apache.org/maven2/javax/persistence/javax.persistence-api/2.2/javax.persistence-api-2.2.jar
2018-03-25 21:28:36,262 [Worker-1] INFO  o.e.m.c.i.e.AbstractTransferListenerAdapter - Downloaded https://repo.maven.apache.org/maven2/javax/persistence/javax.persistence-api/2.2/javax.persistence-api-2.2.jar
2018-03-25 21:28:36,564 [Worker-1] INFO  o.e.m.c.i.e.AbstractTransferListenerAdapter - Downloading https://repo.maven.apache.org/maven2/org/javassist/javassist/3.22.0-GA/javassist-3.22.0-GA.jar
2018-03-25 21:28:37,671 [Worker-1] INFO  o.e.m.c.i.e.AbstractTransferListenerAdapter - Downloaded https://repo.maven.apache.org/maven2/org/javassist/javassist/3.22.0-GA/javassist-3.22.0-GA.jar
2018-03-25 21:28:37,969 [Worker-1] INFO  o.e.m.c.i.e.AbstractTransferListenerAdapter - Downloading https://repo.maven.apache.org/maven2/org/hibernate/common/hibernate-commons-annotations/5.0.2.Final/hibernate-commons-annotations-5.0.2.Final.jar
2018-03-25 21:28:38,525 [Worker-1] INFO  o.e.m.c.i.e.AbstractTransferListenerAdapter - Downloaded https://repo.maven.apache.org/maven2/org/hibernate/common/hibernate-commons-annotations/5.0.2.Final/hibernate-commons-annotations-5.0.2.Final.jar
2018-03-25 21:28:52,087 [Worker-25] INFO  o.e.m.c.i.l.LifecycleMappingFactory - Using org.eclipse.m2e.jdt.JarLifecycleMapping lifecycle mapping for MavenProject: com.codebind:Maven-demo:0.0.1-SNAPSHOT @ E:\Eclipse_program\hibernate\Maven-demo\pom.xml.
2018-03-25 21:28:52,095 [Worker-20] INFO  o.e.m.c.i.l.LifecycleMappingFactory - Using org.eclipse.m2e.jdt.JarLifecycleMapping lifecycle mapping for MavenProject: com.codebind:Maven-demo:0.0.1-SNAPSHOT @ E:\Eclipse_program\hibernate\Maven-demo\pom.xml.
2018-03-25 21:29:01,951 [Worker-20] WARN  o.e.m.c.i.embedder.EclipseLogger - Using platform encoding (Cp1252 actually) to copy filtered resources, i.e. build is platform dependent!
2018-03-25 21:29:02,024 [Worker-20] INFO  o.e.m.c.i.embedder.EclipseLogger - Copying 0 resource
2018-03-25 21:29:04,270 [Worker-20] WARN  o.e.m.c.i.embedder.EclipseLogger - Using platform encoding (Cp1252 actually) to copy filtered resources, i.e. build is platform dependent!
2018-03-25 21:29:04,276 [Worker-23] INFO  o.e.m.c.i.l.LifecycleMappingFactory - Using org.eclipse.m2e.jdt.JarLifecycleMapping lifecycle mapping for MavenProject: com.codebind:Maven-demo:0.0.1-SNAPSHOT @ E:\Eclipse_program\hibernate\Maven-demo\pom.xml.
2018-03-25 21:29:04,287 [Worker-20] INFO  o.e.m.c.i.embedder.EclipseLogger - Copying 0 resource
2018-03-25 21:29:06,523 [Worker-25] WARN  o.e.m.c.i.embedder.EclipseLogger - Using platform encoding (Cp1252 actually) to copy filtered resources, i.e. build is platform dependent!
2018-03-25 21:29:06,558 [Worker-25] INFO  o.e.m.c.i.embedder.EclipseLogger - Copying 0 resource
2018-03-25 21:29:06,560 [Worker-25] WARN  o.e.m.c.i.embedder.EclipseLogger - Using platform encoding (Cp1252 actually) to copy filtered resources, i.e. build is platform dependent!
2018-03-25 21:29:06,569 [Worker-25] INFO  o.e.m.c.i.embedder.EclipseLogger - Copying 0 resource
2018-04-29 11:35:07,496 [Worker-0] INFO  c.g.t.t.d.PublishedGradleVersions - Gradle version information cache is out-of-date. Trying to update.
